# JRE version: Java(TM) SE Runtime Environment (7.0_67-b01) (build 1.7.0_67-b01)
# Java VM: Java HotSpot(TM) 64-Bit Server VM (24.65-b04 mixed mode windows-amd64 compressed oops)
Heap
 PSYoungGen      total 17920K, used 7551K [0x00000000ec100000, 0x00000000ed500000, 0x0000000100000000)
  eden space 15360K, 32% used [0x00000000ec100000,0x00000000ec5e3f68,0x00000000ed000000)
  from space 2560K, 99% used [0x00000000ed280000,0x00000000ed4fc050,0x00000000ed500000)
  to   space 2560K, 0% used [0x00000000ed000000,0x00000000ed000000,0x00000000ed280000)
 ParOldGen       total 40448K, used 7868K [0x00000000c4400000, 0x00000000c6b80000, 0x00000000ec100000)
  object space 40448K, 19% used [0x00000000c4400000,0x00000000c4baf0e8,0x00000000c6b80000)
 PSPermGen       total 21504K, used 17481K [0x00000000bf200000, 0x00000000c0700000, 0x00000000c4400000)
  object space 21504K, 81% used [0x00000000bf200000,0x00000000c0312410,0x00000000c0700000)
GC Heap History (8 events):
Event: 6.746 GC heap before
{Heap before GC invocations=1 (full 0):
 PSYoungGen      total 17920K, used 15360K [0x00000000ec100000, 0x00000000ed500000, 0x0000000100000000)
  eden space 15360K, 100% used [0x00000000ec100000,0x00000000ed000000,0x00000000ed000000)
  from space 2560K, 0% used [0x00000000ed280000,0x00000000ed280000,0x00000000ed500000)
  to   space 2560K, 0% used [0x00000000ed000000,0x00000000ed000000,0x00000000ed280000)
 ParOldGen       total 40448K, used 0K [0x00000000c4400000, 0x00000000c6b80000, 0x00000000ec100000)
  object space 40448K, 0% used [0x00000000c4400000,0x00000000c4400000,0x00000000c6b80000)
 PSPermGen       total 21504K, used 8475K [0x00000000bf200000, 0x00000000c0700000, 0x00000000c4400000)
  object space 21504K, 39% used [0x00000000bf200000,0x00000000bfa46de8,0x00000000c0700000)
Event: 6.753 GC heap after
Heap after GC invocations=1 (full 0):
 PSYoungGen      total 17920K, used 2557K [0x00000000ec100000, 0x00000000ed500000, 0x0000000100000000)
  eden space 15360K, 0% used [0x00000000ec100000,0x00000000ec100000,0x00000000ed000000)
  from space 2560K, 99% used [0x00000000ed000000,0x00000000ed27f740,0x00000000ed280000)
  to   space 2560K, 0% used [0x00000000ed280000,0x00000000ed280000,0x00000000ed500000)
 ParOldGen       total 40448K, used 1164K [0x00000000c4400000, 0x00000000c6b80000, 0x00000000ec100000)
  object space 40448K, 2% used [0x00000000c4400000,0x00000000c4523140,0x00000000c6b80000)
 PSPermGen       total 21504K, used 8475K [0x00000000bf200000, 0x00000000c0700000, 0x00000000c4400000)
  object space 21504K, 39% used [0x00000000bf200000,0x00000000bfa46de8,0x00000000c0700000)
}
Event: 10.870 GC heap before
{Heap before GC invocations=2 (full 0):
 PSYoungGen      total 17920K, used 17917K [0x00000000ec100000, 0x00000000ed500000, 0x0000000100000000)
  eden space 15360K, 100% used [0x00000000ec100000,0x00000000ed000000,0x00000000ed000000)
  from space 2560K, 99% used [0x00000000ed000000,0x00000000ed27f740,0x00000000ed280000)
  to   space 2560K, 0% used [0x00000000ed280000,0x00000000ed280000,0x00000000ed500000)
 ParOldGen       total 40448K, used 1164K [0x00000000c4400000, 0x00000000c6b80000, 0x00000000ec100000)
  object space 40448K, 2% used [0x00000000c4400000,0x00000000c4523140,0x00000000c6b80000)
 PSPermGen       total 21504K, used 11368K [0x00000000bf200000, 0x00000000c0700000, 0x00000000c4400000)
  object space 21504K, 52% used [0x00000000bf200000,0x00000000bfd1a140,0x00000000c0700000)
Event: 10.876 GC heap after
Heap after GC invocations=2 (full 0):
 PSYoungGen      total 17920K, used 2555K [0x00000000ec100000, 0x00000000ed500000, 0x0000000100000000)
  eden space 15360K, 0% used [0x00000000ec100000,0x00000000ec100000,0x00000000ed000000)
  from space 2560K, 99% used [0x00000000ed280000,0x00000000ed4feef0,0x00000000ed500000)
  to   space 2560K, 0% used [0x00000000ed000000,0x00000000ed000000,0x00000000ed280000)
 ParOldGen       total 40448K, used 2569K [0x00000000c4400000, 0x00000000c6b80000, 0x00000000ec100000)
  object space 40448K, 6% used [0x00000000c4400000,0x00000000c46826b0,0x00000000c6b80000)
 PSPermGen       total 21504K, used 11368K [0x00000000bf200000, 0x00000000c0700000, 0x00000000c4400000)
  object space 21504K, 52% used [0x00000000bf200000,0x00000000bfd1a140,0x00000000c0700000)
}
Event: 14.712 GC heap before
{Heap before GC invocations=3 (full 0):
 PSYoungGen      total 17920K, used 17915K [0x00000000ec100000, 0x00000000ed500000, 0x0000000100000000)
  eden space 15360K, 100% used [0x00000000ec100000,0x00000000ed000000,0x00000000ed000000)
  from space 2560K, 99% used [0x00000000ed280000,0x00000000ed4feef0,0x00000000ed500000)
  to   space 2560K, 0% used [0x00000000ed000000,0x00000000ed000000,0x00000000ed280000)
 ParOldGen       total 40448K, used 2569K [0x00000000c4400000, 0x00000000c6b80000, 0x00000000ec100000)
  object space 40448K, 6% used [0x00000000c4400000,0x00000000c46826b0,0x00000000c6b80000)
 PSPermGen       total 21504K, used 14612K [0x00000000bf200000, 0x00000000c0700000, 0x00000000c4400000)
  object space 21504K, 67% used [0x00000000bf200000,0x00000000c0045030,0x00000000c0700000)
Event: 14.719 GC heap after
Heap after GC invocations=3 (full 0):
 PSYoungGen      total 17920K, used 2528K [0x00000000ec100000, 0x00000000ed500000, 0x0000000100000000)
  eden space 15360K, 0% used [0x00000000ec100000,0x00000000ec100000,0x00000000ed000000)
  from space 2560K, 98% used [0x00000000ed000000,0x00000000ed278030,0x00000000ed280000)
  to   space 2560K, 0% used [0x00000000ed280000,0x00000000ed280000,0x00000000ed500000)
 ParOldGen       total 40448K, used 4776K [0x00000000c4400000, 0x00000000c6b80000, 0x00000000ec100000)
  object space 40448K, 11% used [0x00000000c4400000,0x00000000c48aa110,0x00000000c6b80000)
 PSPermGen       total 21504K, used 14612K [0x00000000bf200000, 0x00000000c0700000, 0x00000000c4400000)
  object space 21504K, 67% used [0x00000000bf200000,0x00000000c0045030,0x00000000c0700000)
}
Event: 25.395 GC heap before
{Heap before GC invocations=4 (full 0):
 PSYoungGen      total 17920K, used 17888K [0x00000000ec100000, 0x00000000ed500000, 0x0000000100000000)
  eden space 15360K, 100% used [0x00000000ec100000,0x00000000ed000000,0x00000000ed000000)
  from space 2560K, 98% used [0x00000000ed000000,0x00000000ed278030,0x00000000ed280000)
  to   space 2560K, 0% used [0x00000000ed280000,0x00000000ed280000,0x00000000ed500000)
 ParOldGen       total 40448K, used 4776K [0x00000000c4400000, 0x00000000c6b80000, 0x00000000ec100000)
  object space 40448K, 11% used [0x00000000c4400000,0x00000000c48aa110,0x00000000c6b80000)
 PSPermGen       total 21504K, used 17114K [0x00000000bf200000, 0x00000000c0700000, 0x00000000c4400000)
  object space 21504K, 79% used [0x00000000bf200000,0x00000000c02b6b58,0x00000000c0700000)
Event: 25.404 GC heap after
Heap after GC invocations=4 (full 0):
 PSYoungGen      total 17920K, used 2544K [0x00000000ec100000, 0x00000000ed500000, 0x0000000100000000)
  eden space 15360K, 0% used [0x00000000ec100000,0x00000000ec100000,0x00000000ed000000)
  from space 2560K, 99% used [0x00000000ed280000,0x00000000ed4fc050,0x00000000ed500000)
  to   space 2560K, 0% used [0x00000000ed000000,0x00000000ed000000,0x00000000ed280000)
 ParOldGen       total 40448K, used 7868K [0x00000000c4400000, 0x00000000c6b80000, 0x00000000ec100000)
  object space 40448K, 19% used [0x00000000c4400000,0x00000000c4baf0e8,0x00000000c6b80000)
 PSPermGen       total 21504K, used 17114K [0x00000000bf200000, 0x00000000c0700000, 0x00000000c4400000)
  object space 21504K, 79% used [0x00000000bf200000,0x00000000c02b6b58,0x00000000c0700000)
}

