# JRE version: Java(TM) SE Runtime Environment (7.0_67-b01) (build 1.7.0_67-b01)
# Java VM: Java HotSpot(TM) 64-Bit Server VM (24.65-b04 mixed mode windows-amd64 compressed oops)
Heap
 PSYoungGen      total 36352K, used 13774K [0x00000000ec100000, 0x00000000ef200000, 0x0000000100000000)
  eden space 30208K, 44% used [0x00000000ec100000,0x00000000ece33b08,0x00000000ede80000)
  from space 6144K, 4% used [0x00000000ee500000,0x00000000ee540010,0x00000000eeb00000)
  to   space 6656K, 0% used [0x00000000ede80000,0x00000000ede80000,0x00000000ee500000)
 ParOldGen       total 40448K, used 10094K [0x00000000c4400000, 0x00000000c6b80000, 0x00000000ec100000)
  object space 40448K, 24% used [0x00000000c4400000,0x00000000c4ddbb30,0x00000000c6b80000)
 PSPermGen       total 21504K, used 17546K [0x00000000bf200000, 0x00000000c0700000, 0x00000000c4400000)
  object space 21504K, 81% used [0x00000000bf200000,0x00000000c0322868,0x00000000c0700000)
GC Heap History (10 events):
Event: 9.901 GC heap before
{Heap before GC invocations=4 (full 0):
 PSYoungGen      total 17920K, used 17892K [0x00000000ec100000, 0x00000000ee400000, 0x0000000100000000)
  eden space 15360K, 100% used [0x00000000ec100000,0x00000000ed000000,0x00000000ed000000)
  from space 2560K, 98% used [0x00000000ed000000,0x00000000ed279288,0x00000000ed280000)
  to   space 2560K, 0% used [0x00000000ee180000,0x00000000ee180000,0x00000000ee400000)
 ParOldGen       total 40448K, used 5148K [0x00000000c4400000, 0x00000000c6b80000, 0x00000000ec100000)
  object space 40448K, 12% used [0x00000000c4400000,0x00000000c49072d0,0x00000000c6b80000)
 PSPermGen       total 21504K, used 17210K [0x00000000bf200000, 0x00000000c0700000, 0x00000000c4400000)
  object space 21504K, 80% used [0x00000000bf200000,0x00000000c02cea20,0x00000000c0700000)
Event: 9.922 GC heap after
Heap after GC invocations=4 (full 0):
 PSYoungGen      total 17920K, used 2528K [0x00000000ec100000, 0x00000000ee400000, 0x0000000100000000)
  eden space 15360K, 0% used [0x00000000ec100000,0x00000000ec100000,0x00000000ed000000)
  from space 2560K, 98% used [0x00000000ee180000,0x00000000ee3f8020,0x00000000ee400000)
  to   space 2560K, 0% used [0x00000000ed000000,0x00000000ed000000,0x00000000ed280000)
 ParOldGen       total 40448K, used 7487K [0x00000000c4400000, 0x00000000c6b80000, 0x00000000ec100000)
  object space 40448K, 18% used [0x00000000c4400000,0x00000000c4b4fe88,0x00000000c6b80000)
 PSPermGen       total 21504K, used 17210K [0x00000000bf200000, 0x00000000c0700000, 0x00000000c4400000)
  object space 21504K, 80% used [0x00000000bf200000,0x00000000c02cea20,0x00000000c0700000)
}
Event: 21.246 GC heap before
{Heap before GC invocations=5 (full 0):
 PSYoungGen      total 17920K, used 17888K [0x00000000ec100000, 0x00000000ee400000, 0x0000000100000000)
  eden space 15360K, 100% used [0x00000000ec100000,0x00000000ed000000,0x00000000ed000000)
  from space 2560K, 98% used [0x00000000ee180000,0x00000000ee3f8020,0x00000000ee400000)
  to   space 2560K, 0% used [0x00000000ed000000,0x00000000ed000000,0x00000000ed280000)
 ParOldGen       total 40448K, used 7487K [0x00000000c4400000, 0x00000000c6b80000, 0x00000000ec100000)
  object space 40448K, 18% used [0x00000000c4400000,0x00000000c4b4fe88,0x00000000c6b80000)
 PSPermGen       total 21504K, used 17381K [0x00000000bf200000, 0x00000000c0700000, 0x00000000c4400000)
  object space 21504K, 80% used [0x00000000bf200000,0x00000000c02f96e0,0x00000000c0700000)
Event: 21.292 GC heap after
Heap after GC invocations=5 (full 0):
 PSYoungGen      total 17920K, used 2528K [0x00000000ec100000, 0x00000000ee200000, 0x0000000100000000)
  eden space 15360K, 0% used [0x00000000ec100000,0x00000000ec100000,0x00000000ed000000)
  from space 2560K, 98% used [0x00000000ed000000,0x00000000ed278040,0x00000000ed280000)
  to   space 6144K, 0% used [0x00000000edc00000,0x00000000edc00000,0x00000000ee200000)
 ParOldGen       total 40448K, used 7637K [0x00000000c4400000, 0x00000000c6b80000, 0x00000000ec100000)
  object space 40448K, 18% used [0x00000000c4400000,0x00000000c4b757c0,0x00000000c6b80000)
 PSPermGen       total 21504K, used 17381K [0x00000000bf200000, 0x00000000c0700000, 0x00000000c4400000)
  object space 21504K, 80% used [0x00000000bf200000,0x00000000c02f96e0,0x00000000c0700000)
}
Event: 23.760 GC heap before
{Heap before GC invocations=6 (full 0):
 PSYoungGen      total 17920K, used 17888K [0x00000000ec100000, 0x00000000ee200000, 0x0000000100000000)
  eden space 15360K, 100% used [0x00000000ec100000,0x00000000ed000000,0x00000000ed000000)
  from space 2560K, 98% used [0x00000000ed000000,0x00000000ed278040,0x00000000ed280000)
  to   space 6144K, 0% used [0x00000000edc00000,0x00000000edc00000,0x00000000ee200000)
 ParOldGen       total 40448K, used 7637K [0x00000000c4400000, 0x00000000c6b80000, 0x00000000ec100000)
  object space 40448K, 18% used [0x00000000c4400000,0x00000000c4b757c0,0x00000000c6b80000)
 PSPermGen       total 21504K, used 17535K [0x00000000bf200000, 0x00000000c0700000, 0x00000000c4400000)
  object space 21504K, 81% used [0x00000000bf200000,0x00000000c031ff70,0x00000000c0700000)
Event: 23.790 GC heap after
Heap after GC invocations=6 (full 0):
 PSYoungGen      total 18432K, used 2784K [0x00000000ec100000, 0x00000000edf00000, 0x0000000100000000)
  eden space 15360K, 0% used [0x00000000ec100000,0x00000000ec100000,0x00000000ed000000)
  from space 3072K, 90% used [0x00000000edc00000,0x00000000edeb8030,0x00000000edf00000)
  to   space 6144K, 0% used [0x00000000ed300000,0x00000000ed300000,0x00000000ed900000)
 ParOldGen       total 40448K, used 7637K [0x00000000c4400000, 0x00000000c6b80000, 0x00000000ec100000)
  object space 40448K, 18% used [0x00000000c4400000,0x00000000c4b757c0,0x00000000c6b80000)
 PSPermGen       total 21504K, used 17535K [0x00000000bf200000, 0x00000000c0700000, 0x00000000c4400000)
  object space 21504K, 81% used [0x00000000bf200000,0x00000000c031ff70,0x00000000c0700000)
}
Event: 24.007 GC heap before
{Heap before GC invocations=7 (full 0):
 PSYoungGen      total 18432K, used 18144K [0x00000000ec100000, 0x00000000edf00000, 0x0000000100000000)
  eden space 15360K, 100% used [0x00000000ec100000,0x00000000ed000000,0x00000000ed000000)
  from space 3072K, 90% used [0x00000000edc00000,0x00000000edeb8030,0x00000000edf00000)
  to   space 6144K, 0% used [0x00000000ed300000,0x00000000ed300000,0x00000000ed900000)
 ParOldGen       total 40448K, used 7637K [0x00000000c4400000, 0x00000000c6b80000, 0x00000000ec100000)
  object space 40448K, 18% used [0x00000000c4400000,0x00000000c4b757c0,0x00000000c6b80000)
 PSPermGen       total 21504K, used 17536K [0x00000000bf200000, 0x00000000c0700000, 0x00000000c4400000)
  object space 21504K, 81% used [0x00000000bf200000,0x00000000c0320318,0x00000000c0700000)
Event: 24.026 GC heap after
Heap after GC invocations=7 (full 0):
 PSYoungGen      total 24576K, used 1600K [0x00000000ec100000, 0x00000000eeb00000, 0x0000000100000000)
  eden space 18432K, 0% used [0x00000000ec100000,0x00000000ec100000,0x00000000ed300000)
  from space 6144K, 26% used [0x00000000ed300000,0x00000000ed490010,0x00000000ed900000)
  to   space 6144K, 0% used [0x00000000ee500000,0x00000000ee500000,0x00000000eeb00000)
 ParOldGen       total 40448K, used 8743K [0x00000000c4400000, 0x00000000c6b80000, 0x00000000ec100000)
  object space 40448K, 21% used [0x00000000c4400000,0x00000000c4c89dd0,0x00000000c6b80000)
 PSPermGen       total 21504K, used 17536K [0x00000000bf200000, 0x00000000c0700000, 0x00000000c4400000)
  object space 21504K, 81% used [0x00000000bf200000,0x00000000c0320318,0x00000000c0700000)
}
Event: 24.292 GC heap before
{Heap before GC invocations=8 (full 0):
 PSYoungGen      total 24576K, used 20032K [0x00000000ec100000, 0x00000000eeb00000, 0x0000000100000000)
  eden space 18432K, 100% used [0x00000000ec100000,0x00000000ed300000,0x00000000ed300000)
  from space 6144K, 26% used [0x00000000ed300000,0x00000000ed490010,0x00000000ed900000)
  to   space 6144K, 0% used [0x00000000ee500000,0x00000000ee500000,0x00000000eeb00000)
 ParOldGen       total 40448K, used 8743K [0x00000000c4400000, 0x00000000c6b80000, 0x00000000ec100000)
  object space 40448K, 21% used [0x00000000c4400000,0x00000000c4c89dd0,0x00000000c6b80000)
 PSPermGen       total 21504K, used 17545K [0x00000000bf200000, 0x00000000c0700000, 0x00000000c4400000)
  object space 21504K, 81% used [0x00000000bf200000,0x00000000c0322640,0x00000000c0700000)
Event: 24.302 GC heap after
Heap after GC invocations=8 (full 0):
 PSYoungGen      total 36352K, used 256K [0x00000000ec100000, 0x00000000ef200000, 0x0000000100000000)
  eden space 30208K, 0% used [0x00000000ec100000,0x00000000ec100000,0x00000000ede80000)
  from space 6144K, 4% used [0x00000000ee500000,0x00000000ee540010,0x00000000eeb00000)
  to   space 6656K, 0% used [0x00000000ede80000,0x00000000ede80000,0x00000000ee500000)
 ParOldGen       total 40448K, used 10094K [0x00000000c4400000, 0x00000000c6b80000, 0x00000000ec100000)
  object space 40448K, 24% used [0x00000000c4400000,0x00000000c4ddbb30,0x00000000c6b80000)
 PSPermGen       total 21504K, used 17545K [0x00000000bf200000, 0x00000000c0700000, 0x00000000c4400000)
  object space 21504K, 81% used [0x00000000bf200000,0x00000000c0322640,0x00000000c0700000)
}

