<?xml version="1.0" encoding="UTF-8"?>
<!-- Generated by org.testng.reporters.JUnitXMLReporter -->
<testsuite hostname="UMESH-PC" name="Default test" tests="7" failures="0" timestamp="8 Aug 2015 14:42:07 GMT" time="121.346" errors="0">
  <testcase name="titleHolidayTest" time="0.188" classname="com.via.holiday.pages.TestHomePageHoliday"/>
  <testcase name="logoTest" time="0.757" classname="com.via.holiday.pages.TestHomePageHoliday"/>
  <testcase name="menuProductIconTest" time="13.372" classname="com.via.holiday.pages.TestHomePageHoliday"/>
  <testcase name="menuProductNameTest" time="22.62" classname="com.via.holiday.pages.TestHomePageHoliday"/>
  <testcase name="testPackagesCollectionImagesPresent" time="1.037" classname="com.via.holiday.pages.TestHomePageHoliday"/>
  <testcase name="testHotDealsImagesPresent" time="0.583" classname="com.via.holiday.pages.TestHomePageHoliday"/>
  <testcase name="testwhyViaFooterImages" time="0.044" classname="com.via.holiday.pages.TestHomePageHoliday"/>
</testsuite> <!-- Default test -->
