<?xml version="1.0" encoding="UTF-8"?>
<testng-results skipped="0" failed="0" total="1" passed="1">
  <reporter-output>
  </reporter-output>
  <suite name="Default suite" duration-ms="119846" started-at="2015-10-10T15:42:37Z" finished-at="2015-10-10T15:44:36Z">
    <groups>
    </groups>
    <test name="Default test" duration-ms="119846" started-at="2015-10-10T15:42:37Z" finished-at="2015-10-10T15:44:36Z">
      <class name="com.via.holiday.pages.HolidayPagesTest">
        <test-method status="PASS" signature="openViaHomepage()[pri:0, instance:com.via.holiday.pages.HolidayPagesTest@7f560810]" name="openViaHomepage" is-config="true" duration-ms="69508" started-at="2015-10-10T21:12:37Z" finished-at="2015-10-10T21:13:46Z">
          <reporter-output>
          </reporter-output>
        </test-method> <!-- openViaHomepage -->
        <test-method status="PASS" signature="sightseeingFilterTest()[pri:6, instance:com.via.holiday.pages.HolidayPagesTest@7f560810]" name="sightseeingFilterTest" duration-ms="50283" started-at="2015-10-10T21:13:46Z" finished-at="2015-10-10T21:14:36Z">
          <reporter-output>
          </reporter-output>
        </test-method> <!-- sightseeingFilterTest -->
        <test-method status="PASS" signature="takeScreenShotOnFailure(org.testng.ITestResult, java.lang.reflect.Method)[pri:0, instance:com.via.holiday.pages.HolidayPagesTest@7f560810]" name="takeScreenShotOnFailure" is-config="true" duration-ms="11" started-at="2015-10-10T21:14:36Z" finished-at="2015-10-10T21:14:36Z">
          <params>
            <param index="0">
              <value>
                <![CDATA[[TestResult name=sightseeingFilterTest status=SUCCESS method=HolidayPagesTest.sightseeingFilterTest()[pri:6, instance:com.via.holiday.pages.HolidayPagesTest@7f560810] output={null}]]]>
              </value>
            </param>
            <param index="1">
              <value>
                <![CDATA[public void com.via.holiday.pages.HolidayPagesTest.sightseeingFilterTest()]]>
              </value>
            </param>
          </params>
          <reporter-output>
          </reporter-output>
        </test-method> <!-- takeScreenShotOnFailure -->
        <test-method status="FAIL" signature="exit()[pri:0, instance:com.via.holiday.pages.HolidayPagesTest@7f560810]" name="exit" is-config="true" duration-ms="0" started-at="2015-10-10T21:14:36Z" finished-at="2015-10-10T21:14:36Z">
          <exception class="java.lang.NullPointerException">
            <full-stacktrace>
              <![CDATA[java.lang.NullPointerException
	at com.via.holiday.pages.HolidayPagesTest.exit(HolidayPagesTest.java:38)
	at sun.reflect.NativeMethodAccessorImpl.invoke0(Native Method)
	at sun.reflect.NativeMethodAccessorImpl.invoke(NativeMethodAccessorImpl.java:62)
	at sun.reflect.DelegatingMethodAccessorImpl.invoke(DelegatingMethodAccessorImpl.java:43)
	at java.lang.reflect.Method.invoke(Method.java:497)
	at org.testng.internal.MethodInvocationHelper.invokeMethod(MethodInvocationHelper.java:85)
	at org.testng.internal.Invoker.invokeConfigurationMethod(Invoker.java:510)
	at org.testng.internal.Invoker.invokeConfigurations(Invoker.java:211)
	at org.testng.internal.Invoker.invokeConfigurations(Invoker.java:138)
	at org.testng.TestRunner.afterRun(TestRunner.java:1027)
	at org.testng.TestRunner.run(TestRunner.java:627)
	at org.testng.SuiteRunner.runTest(SuiteRunner.java:359)
	at org.testng.SuiteRunner.runSequentially(SuiteRunner.java:354)
	at org.testng.SuiteRunner.privateRun(SuiteRunner.java:312)
	at org.testng.SuiteRunner.run(SuiteRunner.java:261)
	at org.testng.SuiteRunnerWorker.runSuite(SuiteRunnerWorker.java:52)
	at org.testng.SuiteRunnerWorker.run(SuiteRunnerWorker.java:86)
	at org.testng.TestNG.runSuitesSequentially(TestNG.java:1185)
	at org.testng.TestNG.runSuitesLocally(TestNG.java:1110)
	at org.testng.TestNG.run(TestNG.java:1018)
	at org.testng.remote.RemoteTestNG.run(RemoteTestNG.java:112)
	at org.testng.remote.RemoteTestNG.initAndRun(RemoteTestNG.java:205)
	at org.testng.remote.RemoteTestNG.main(RemoteTestNG.java:176)
]]>
            </full-stacktrace>
          </exception> <!-- java.lang.NullPointerException -->
          <reporter-output>
          </reporter-output>
        </test-method> <!-- exit -->
      </class> <!-- com.via.holiday.pages.HolidayPagesTest -->
    </test> <!-- Default test -->
  </suite> <!-- Default suite -->
</testng-results>
